[17:27:02] [main/INFO]: Loading Minecraft 1.18.2 with Fabric Loader 0.13.3
[17:27:02] [main/INFO]: Loading 38 mods:
	- com_eliotlash_mclib_mclib 18 via geckolib3
	- com_eliotlash_molang_molang 18 via geckolib3
	- fabric 0.48.0+1.18.2
	- fabric-api-base 0.4.4+d7c144a860 via fabric
	- fabric-api-lookup-api-v1 1.5.7+d7c144a860 via fabric
	- fabric-biome-api-v1 8.0.3+801ec85b60 via fabric
	- fabric-command-api-v1 1.1.9+d7c144a860 via fabric
	- fabric-commands-v0 0.2.8+b4f4f6cd60 via fabric
	- fabric-containers-v0 0.1.21+d7c144a860 via fabric
	- fabric-content-registries-v0 3.0.2+d82b939260 via fabric
	- fabric-crash-report-info-v1 0.1.11+3ac43d9560 via fabric
	- fabric-dimensions-v1 2.1.17+2540745460 via fabric
	- fabric-entity-events-v1 1.4.8+d7c144a860 via fabric
	- fabric-events-interaction-v0 0.4.19+d7c144a860 via fabric
	- fabric-events-lifecycle-v0 0.2.13+d7c144a860 via fabric
	- fabric-game-rule-api-v1 1.0.13+d7c144a860 via fabric
	- fabric-item-api-v1 1.3.3+691a79b560 via fabric
	- fabric-item-groups-v0 0.3.10+3ac43d9560 via fabric
	- fabric-lifecycle-events-v1 2.0.2+2540745460 via fabric
	- fabric-loot-tables-v1 1.0.11+d7c144a860 via fabric
	- fabric-mining-level-api-v1 2.0.4+d1027f7d60 via fabric
	- fabric-networking-api-v1 1.0.21+d882b91560 via fabric
	- fabric-networking-v0 0.3.8+b4f4f6cd60 via fabric
	- fabric-object-builder-api-v1 2.0.3+40c91ec860 via fabric
	- fabric-particles-v1 0.2.12+526dc1ac60 via fabric
	- fabric-registry-sync-v0 0.9.8+0d9ab37260 via fabric
	- fabric-rendering-data-attachment-v1 0.3.7+d7c144a860 via fabric
	- fabric-rendering-fluids-v1 2.0.2+54e5b2ec60 via fabric
	- fabric-resource-conditions-api-v1 2.0.2+d1027f7d60 via fabric
	- fabric-resource-loader-v0 0.4.18+2de5574560 via fabric
	- fabric-screen-handler-api-v1 1.1.14+40c91ec860 via fabric
	- fabric-transfer-api-v1 1.5.14+cca23f9360 via fabric
	- fabric-transitive-access-wideners-v1 1.0.0+40c91ec860 via fabric
	- fabricloader 0.13.3
	- geckolib3 3.0.51
	- java 17
	- minecraft 1.18.2
	- turtletorture 0.0.2-1.18.2
[17:27:02] [main/INFO]: SpongePowered MIXIN Subsystem Version=0.8.5 Source=file:/C:/Users/kyhan/Documents/Github/Projects/Turtle-Torture/server/libraries/net/fabricmc/sponge-mixin/0.11.2+mixin.0.8.5/sponge-mixin-0.11.2+mixin.0.8.5.jar Service=Knot/Fabric Env=SERVER
[17:27:02] [main/INFO]: Compatibility level set to JAVA_16
[17:27:02] [main/INFO]: Compatibility level set to JAVA_17
[17:27:08] [main/WARN]: @Inject(@At("INVOKE")) Shift.BY=3 on fabric-lifecycle-events-v1.mixins.json:server.WorldChunkMixin::handler$zca000$onLoadBlockEntity exceeds the maximum allowed value: 0. Increase the value of maxShiftBy to suppress this warning.
[17:27:10] [main/ERROR]: Failed to start the minecraft server
java.lang.RuntimeException: Could not execute entrypoint stage 'main' due to errors, provided by 'turtletorture'!
	at net.fabricmc.loader.impl.entrypoint.EntrypointUtils.lambda$invoke0$0(EntrypointUtils.java:51) ~[fabric-loader-0.13.3.jar:?]
	at net.fabricmc.loader.impl.util.ExceptionUtil.gatherExceptions(ExceptionUtil.java:33) ~[fabric-loader-0.13.3.jar:?]
	at net.fabricmc.loader.impl.entrypoint.EntrypointUtils.invoke0(EntrypointUtils.java:49) ~[fabric-loader-0.13.3.jar:?]
	at net.fabricmc.loader.impl.entrypoint.EntrypointUtils.invoke(EntrypointUtils.java:35) ~[fabric-loader-0.13.3.jar:?]
	at net.fabricmc.loader.impl.game.minecraft.Hooks.startServer(Hooks.java:62) ~[fabric-loader-0.13.3.jar:?]
	at net.minecraft.server.Main.main(Main.java:101) [server-intermediary.jar:?]
	at jdk.internal.reflect.NativeMethodAccessorImpl.invoke0(Native Method) ~[?:?]
	at jdk.internal.reflect.NativeMethodAccessorImpl.invoke(NativeMethodAccessorImpl.java:77) ~[?:?]
	at jdk.internal.reflect.DelegatingMethodAccessorImpl.invoke(DelegatingMethodAccessorImpl.java:43) ~[?:?]
	at java.lang.reflect.Method.invoke(Method.java:568) ~[?:?]
	at net.fabricmc.loader.impl.game.minecraft.MinecraftGameProvider.launch(MinecraftGameProvider.java:416) [fabric-loader-0.13.3.jar:?]
	at net.fabricmc.loader.impl.launch.knot.Knot.launch(Knot.java:77) [fabric-loader-0.13.3.jar:?]
	at net.fabricmc.loader.impl.launch.knot.KnotServer.main(KnotServer.java:23) [fabric-loader-0.13.3.jar:?]
	at jdk.internal.reflect.NativeMethodAccessorImpl.invoke0(Native Method) ~[?:?]
	at jdk.internal.reflect.NativeMethodAccessorImpl.invoke(NativeMethodAccessorImpl.java:77) ~[?:?]
	at jdk.internal.reflect.DelegatingMethodAccessorImpl.invoke(DelegatingMethodAccessorImpl.java:43) ~[?:?]
	at java.lang.reflect.Method.invoke(Method.java:568) ~[?:?]
	at net.fabricmc.loader.impl.launch.server.FabricServerLauncher.main(FabricServerLauncher.java:66) [fabric-loader-0.13.3.jar:?]
Caused by: java.lang.NoClassDefFoundError: net/minecraft/class_5617
	at net.Kyhan.turtletorture.TurtleTorture.onInitialize(TurtleTorture.java:28) ~[turtletorture-0.0.2-1.18.2.jar:?]
	at net.fabricmc.loader.impl.entrypoint.EntrypointUtils.invoke0(EntrypointUtils.java:47) ~[fabric-loader-0.13.3.jar:?]
	... 15 more
Caused by: java.lang.ClassNotFoundException: net.minecraft.class_5617
	at jdk.internal.loader.BuiltinClassLoader.loadClass(BuiltinClassLoader.java:641) ~[?:?]
	at jdk.internal.loader.ClassLoaders$AppClassLoader.loadClass(ClassLoaders.java:188) ~[?:?]
	at java.lang.ClassLoader.loadClass(ClassLoader.java:520) ~[?:?]
	at net.fabricmc.loader.impl.launch.knot.KnotClassLoader.loadClass(KnotClassLoader.java:158) ~[fabric-loader-0.13.3.jar:?]
	at java.lang.ClassLoader.loadClass(ClassLoader.java:520) ~[?:?]
	at net.Kyhan.turtletorture.TurtleTorture.onInitialize(TurtleTorture.java:28) ~[turtletorture-0.0.2-1.18.2.jar:?]
	at net.fabricmc.loader.impl.entrypoint.EntrypointUtils.invoke0(EntrypointUtils.java:47) ~[fabric-loader-0.13.3.jar:?]
	... 15 more
